Using pre-set license
Built from '2020.3/staging' branch; Version is '2020.3.25f1 (9b9180224418) revision 10195328'; Using compiler version '192528614'; Build Type 'Release'
OS: 'Windows 10  (10.0.19044) 64bit Enterprise' Language: 'en' Physical Memory: 16158 MB
BatchMode: 1, IsHumanControllingUs: 0, StartBugReporterOnCrash: 0, Is64bit: 1, IsPro: 0

COMMAND LINE ARGUMENTS:
C:\Program Files\Unity 2020.3.25f1\Editor\Unity.exe
-adb2
-batchMode
-noUpm
-name
AssetImportWorker0
-projectPath
C:/Github/TritonHacks2023/TritonHacks
-logFile
Logs/AssetImportWorker0.log
-srvPort
63102
Successfully changed project path to: C:/Github/TritonHacks2023/TritonHacks
C:/Github/TritonHacks2023/TritonHacks
Using Asset Import Pipeline V2.
Refreshing native plugins compatible for Editor in 52.06 ms, found 3 plugins.
Preloading 0 native plugins for Editor in 0.00 ms.
Initialize engine version: 2020.3.25f1 (9b9180224418)
[Subsystems] Discovering subsystems at path C:/Program Files/Unity 2020.3.25f1/Editor/Data/Resources/UnitySubsystems
[Subsystems] Discovering subsystems at path C:/Github/TritonHacks2023/TritonHacks/Assets
GfxDevice: creating device client; threaded=0
Direct3D:
    Version:  Direct3D 11.0 [level 11.1]
    Renderer: NVIDIA Quadro P620 (ID=0x1cb6)
    Vendor:   
    VRAM:     1977 MB
    Driver:   26.21.14.4250
Initialize mono
Mono path[0] = 'C:/Program Files/Unity 2020.3.25f1/Editor/Data/Managed'
Mono path[1] = 'C:/Program Files/Unity 2020.3.25f1/Editor/Data/MonoBleedingEdge/lib/mono/unityjit'
Mono config path = 'C:/Program Files/Unity 2020.3.25f1/Editor/Data/MonoBleedingEdge/etc'
Using monoOptions --debugger-agent=transport=dt_socket,embedding=1,server=y,suspend=n,address=127.0.0.1:56988
Begin MonoManager ReloadAssembly
Registering precompiled unity dll's ...
Register platform support module: C:/Program Files/Unity 2020.3.25f1/Editor/Data/PlaybackEngines/WebGLSupport/UnityEditor.WebGL.Extensions.dll
Register platform support module: C:/Program Files/Unity 2020.3.25f1/Editor/Data/PlaybackEngines/MacStandaloneSupport/UnityEditor.OSXStandalone.Extensions.dll
Register platform support module: C:/Program Files/Unity 2020.3.25f1/Editor/Data/PlaybackEngines/WindowsStandaloneSupport/UnityEditor.WindowsStandalone.Extensions.dll
Register platform support module: C:/Program Files/Unity 2020.3.25f1/Editor/Data/PlaybackEngines/LinuxStandaloneSupport/UnityEditor.LinuxStandalone.Extensions.dll
Register platform support module: C:/Program Files/Unity 2020.3.25f1/Editor/Data/PlaybackEngines/LuminSupport/UnityEditor.Lumin.Extensions.dll
Registered in 0.005194 seconds.
Native extension for Lumin target not found
Native extension for LinuxStandalone target not found
Native extension for WindowsStandalone target not found
Native extension for OSXStandalone target not found
Native extension for WebGL target not found
Refreshing native plugins compatible for Editor in 46.47 ms, found 3 plugins.
Preloading 0 native plugins for Editor in 0.00 ms.
Mono: successfully reloaded assembly
- Completed reload, in  0.631 seconds
Domain Reload Profiling:
	ReloadAssembly (631ms)
		BeginReloadAssembly (64ms)
			ExecutionOrderSort (0ms)
			DisableScriptedObjects (0ms)
			BackupInstance (0ms)
			ReleaseScriptingObjects (0ms)
			CreateAndSetChildDomain (1ms)
		EndReloadAssembly (484ms)
			LoadAssemblies (63ms)
			RebuildTransferFunctionScriptingTraits (0ms)
			SetupTypeCache (165ms)
			ReleaseScriptCaches (0ms)
			RebuildScriptCaches (31ms)
			SetupLoadedEditorAssemblies (181ms)
				LogAssemblyErrors (0ms)
				InitializePlatformSupportModulesInManaged (7ms)
				SetLoadedEditorAssemblies (0ms)
				RefreshPlugins (47ms)
				BeforeProcessingInitializeOnLoad (9ms)
				ProcessInitializeOnLoadAttributes (89ms)
				ProcessInitializeOnLoadMethodAttributes (30ms)
				AfterProcessingInitializeOnLoad (0ms)
				EditorAssembliesLoaded (0ms)
			ExecutionOrderSort2 (0ms)
			AwakeInstancesAfterBackupRestoration (0ms)
Platform modules already initialized, skipping
Registering precompiled user dll's ...
Registered in 0.006463 seconds.
Begin MonoManager ReloadAssembly
Native extension for Lumin target not found
Native extension for LinuxStandalone target not found
Native extension for WindowsStandalone target not found
Native extension for OSXStandalone target not found
Native extension for WebGL target not found
Refreshing native plugins compatible for Editor in 47.78 ms, found 3 plugins.
Preloading 0 native plugins for Editor in 0.00 ms.
Mono: successfully reloaded assembly
- Completed reload, in  1.216 seconds
Domain Reload Profiling:
	ReloadAssembly (1217ms)
		BeginReloadAssembly (154ms)
			ExecutionOrderSort (0ms)
			DisableScriptedObjects (5ms)
			BackupInstance (0ms)
			ReleaseScriptingObjects (0ms)
			CreateAndSetChildDomain (19ms)
		EndReloadAssembly (991ms)
			LoadAssemblies (108ms)
			RebuildTransferFunctionScriptingTraits (0ms)
			SetupTypeCache (326ms)
			ReleaseScriptCaches (0ms)
			RebuildScriptCaches (51ms)
			SetupLoadedEditorAssemblies (379ms)
				LogAssemblyErrors (0ms)
				InitializePlatformSupportModulesInManaged (7ms)
				SetLoadedEditorAssemblies (0ms)
				RefreshPlugins (48ms)
				BeforeProcessingInitializeOnLoad (77ms)
				ProcessInitializeOnLoadAttributes (219ms)
				ProcessInitializeOnLoadMethodAttributes (19ms)
				AfterProcessingInitializeOnLoad (9ms)
				EditorAssembliesLoaded (0ms)
			ExecutionOrderSort2 (0ms)
			AwakeInstancesAfterBackupRestoration (7ms)
Platform modules already initialized, skipping
========================================================================
Worker process is ready to serve import requests
Launched and connected shader compiler UnityShaderCompiler.exe after 0.05 seconds
Refreshing native plugins compatible for Editor in 0.55 ms, found 3 plugins.
Preloading 0 native plugins for Editor in 0.00 ms.
Unloading 2194 Unused Serialized files (Serialized files now loaded: 0)
System memory in use before: 95.8 MB.
System memory in use after: 95.9 MB.

Unloading 28 unused Assets to reduce memory usage. Loaded Objects now: 2627.
Total: 3.326100 ms (FindLiveObjects: 0.177000 ms CreateObjectMapping: 0.093300 ms MarkObjects: 2.981600 ms  DeleteObjects: 0.072400 ms)

AssetImportParameters requested are different than current active one (requested -> active):
  custom:framework-win-MediaFoundation: 216162199b28c13a410421893ffa2e32 -> 
  custom:video-decoder-ogg-theora: a1e56fd34408186e4bbccfd4996cb3dc -> 
  custom:container-muxer-webm: aa71ff27fc2769a1b78a27578f13a17b -> 
  custom:container-demuxer-webm: 4f35f7cbe854078d1ac9338744f61a02 -> 
  custom:container-demuxer-ogg: 62fdf1f143b41e24485cea50d1cbac27 -> 
  custom:video-encoder-webm-vp8: eb34c28f22e8b96e1ab97ce403110664 -> 
  custom:video-decoder-webm-vp8: 9c59270c3fd7afecdb556c50c9e8de78 -> 
  custom:audio-decoder-ogg-vorbis: bf7c407c2cedff20999df2af8eb42d56 -> 
  custom:audio-encoder-webm-vorbis: bf7c407c2cedff20999df2af8eb42d56 -> 
========================================================================
Received Import Request.
  path: Assets/Sprites/Title.png
  artifactKey: Guid(cee919457b863a6498a34ee439f352e7) Importer(815301076,1909f56bfc062723c751e8b465ee728b)
Start importing Assets/Sprites/Title.png using Guid(cee919457b863a6498a34ee439f352e7) Importer(815301076,1909f56bfc062723c751e8b465ee728b)  -> (artifact id: '58a97be587cf5b8580b1f1cd33a6262b') in 0.101484 seconds 
  Import took 0.105315 seconds .

========================================================================
Received Import Request.
  Time since last request: 94.726272 seconds.
  path: Assets/Sprites/Decorations/table_with_cans.png
  artifactKey: Guid(4f7db80dada6a7e4d918baccd4799e06) Importer(815301076,1909f56bfc062723c751e8b465ee728b)
Start importing Assets/Sprites/Decorations/table_with_cans.png using Guid(4f7db80dada6a7e4d918baccd4799e06) Importer(815301076,1909f56bfc062723c751e8b465ee728b)  -> (artifact id: 'c57f5ad831e9de7189a22525fb41b8dd') in 0.017252 seconds 
  Import took 0.020722 seconds .

========================================================================
Received Import Request.
  Time since last request: 0.000232 seconds.
  path: Assets/Sprites/Decorations/terminal_on.png
  artifactKey: Guid(6ff926558d4968c41a4897d3f5f1b28a) Importer(815301076,1909f56bfc062723c751e8b465ee728b)
Start importing Assets/Sprites/Decorations/terminal_on.png using Guid(6ff926558d4968c41a4897d3f5f1b28a) Importer(815301076,1909f56bfc062723c751e8b465ee728b)  -> (artifact id: '17ce8dfe79da3f27c464f99db809fc66') in 0.015461 seconds 
  Import took 0.018798 seconds .

========================================================================
Received Import Request.
  Time since last request: 0.000184 seconds.
  path: Assets/Sprites/Decorations/terminal_off.png
  artifactKey: Guid(6c7c442ebb2dc1f42a9505e4f65bb99a) Importer(815301076,1909f56bfc062723c751e8b465ee728b)
Start importing Assets/Sprites/Decorations/terminal_off.png using Guid(6c7c442ebb2dc1f42a9505e4f65bb99a) Importer(815301076,1909f56bfc062723c751e8b465ee728b)  -> (artifact id: '7561d81d52242b273ab5fddc99c02aa7') in 0.016284 seconds 
  Import took 0.019614 seconds .

========================================================================
Received Import Request.
  Time since last request: 0.000180 seconds.
  path: Assets/Sprites/Decorations/table_with_crates.png
  artifactKey: Guid(df0e18166ea7bdb4bbb09b18bfb58181) Importer(815301076,1909f56bfc062723c751e8b465ee728b)
Start importing Assets/Sprites/Decorations/table_with_crates.png using Guid(df0e18166ea7bdb4bbb09b18bfb58181) Importer(815301076,1909f56bfc062723c751e8b465ee728b)  -> (artifact id: 'bbdf31cb456c88f2ce4fdbd74d863446') in 0.015580 seconds 
  Import took 0.018773 seconds .

========================================================================
Received Import Request.
  Time since last request: 37.642701 seconds.
  path: Assets/Sprites/Albert/Albert_Idle.png
  artifactKey: Guid(d7977b613ae91f847a96aece3346059e) Importer(815301076,1909f56bfc062723c751e8b465ee728b)
Start importing Assets/Sprites/Albert/Albert_Idle.png using Guid(d7977b613ae91f847a96aece3346059e) Importer(815301076,1909f56bfc062723c751e8b465ee728b)  -> (artifact id: 'dc772c5d5cc0c448d62e94a9e3fae059') in 0.023667 seconds 
  Import took 0.027414 seconds .

========================================================================
Received Import Request.
  Time since last request: 0.000187 seconds.
  path: Assets/Sprites/Albert/Albert_Suit_Float.png
  artifactKey: Guid(4c0fd4dda08cbc247b02b86b20a97f90) Importer(815301076,1909f56bfc062723c751e8b465ee728b)
Start importing Assets/Sprites/Albert/Albert_Suit_Float.png using Guid(4c0fd4dda08cbc247b02b86b20a97f90) Importer(815301076,1909f56bfc062723c751e8b465ee728b)  -> (artifact id: '9f6b03c8414a8aeb2522deb80a903b7d') in 0.014161 seconds 
  Import took 0.017503 seconds .

========================================================================
Received Import Request.
  Time since last request: 0.000183 seconds.
  path: Assets/Sprites/Albert/Albert_Walk.png
  artifactKey: Guid(f2a57be7e7695e646a0bdb637b79519d) Importer(815301076,1909f56bfc062723c751e8b465ee728b)
Start importing Assets/Sprites/Albert/Albert_Walk.png using Guid(f2a57be7e7695e646a0bdb637b79519d) Importer(815301076,1909f56bfc062723c751e8b465ee728b)  -> (artifact id: 'd5d69b6ba77e9fa6b3b0f632b20fad8a') in 0.016660 seconds 
  Import took 0.019898 seconds .

========================================================================
Received Import Request.
  Time since last request: 0.000180 seconds.
  path: Assets/Sprites/Albert/Albert_Portrait_Frustrated.png
  artifactKey: Guid(aa29613c4723c2e4da5d25bf36b460b5) Importer(815301076,1909f56bfc062723c751e8b465ee728b)
Start importing Assets/Sprites/Albert/Albert_Portrait_Frustrated.png using Guid(aa29613c4723c2e4da5d25bf36b460b5) Importer(815301076,1909f56bfc062723c751e8b465ee728b)  -> (artifact id: 'a3c002a11947ec85d36c05d74e44f82d') in 0.015427 seconds 
  Import took 0.018669 seconds .

========================================================================
Received Import Request.
  Time since last request: 0.000192 seconds.
  path: Assets/Sprites/Albert/Albert_Portrait_Sad.png
  artifactKey: Guid(a04e6ef0db33cb04cb32070ff83ee16c) Importer(815301076,1909f56bfc062723c751e8b465ee728b)
Start importing Assets/Sprites/Albert/Albert_Portrait_Sad.png using Guid(a04e6ef0db33cb04cb32070ff83ee16c) Importer(815301076,1909f56bfc062723c751e8b465ee728b)  -> (artifact id: '26957797d29dc53a45966fc4c7c69d01') in 0.015752 seconds 
  Import took 0.019001 seconds .

========================================================================
Received Import Request.
  Time since last request: 0.000184 seconds.
  path: Assets/Sprites/Albert/Albert_Portrait_Neutral.png
  artifactKey: Guid(b9c31546f8f89094a9634cc6cebd8701) Importer(815301076,1909f56bfc062723c751e8b465ee728b)
Start importing Assets/Sprites/Albert/Albert_Portrait_Neutral.png using Guid(b9c31546f8f89094a9634cc6cebd8701) Importer(815301076,1909f56bfc062723c751e8b465ee728b)  -> (artifact id: 'd30e109fa85dc88abbb318a4f445fc9d') in 0.014402 seconds 
  Import took 0.017704 seconds .

========================================================================
Received Import Request.
  Time since last request: 0.000184 seconds.
  path: Assets/Sprites/Albert/Albert_Portrait_Concern.png
  artifactKey: Guid(24c190a32cac7c54c92b74b9120c80a5) Importer(815301076,1909f56bfc062723c751e8b465ee728b)
Start importing Assets/Sprites/Albert/Albert_Portrait_Concern.png using Guid(24c190a32cac7c54c92b74b9120c80a5) Importer(815301076,1909f56bfc062723c751e8b465ee728b)  -> (artifact id: 'a941b7536a7f379626cf9ce1624fd597') in 0.016890 seconds 
  Import took 0.020090 seconds .

========================================================================
Received Import Request.
  Time since last request: 0.000179 seconds.
  path: Assets/Sprites/Albert/Albert_Suit_Idle.png
  artifactKey: Guid(b2ed922d39a5d68418a4e0522b1cd7fb) Importer(815301076,1909f56bfc062723c751e8b465ee728b)
Start importing Assets/Sprites/Albert/Albert_Suit_Idle.png using Guid(b2ed922d39a5d68418a4e0522b1cd7fb) Importer(815301076,1909f56bfc062723c751e8b465ee728b)  -> (artifact id: 'aa0efecc70e7e062ec9411307dd78231') in 0.014390 seconds 
  Import took 0.017680 seconds .

========================================================================
Received Import Request.
  Time since last request: 69.001089 seconds.
  path: Assets/Sprites/Tiles/arrow_wall.png
  artifactKey: Guid(14c9a4d18641c7245a8b95bde315ede5) Importer(815301076,1909f56bfc062723c751e8b465ee728b)
Start importing Assets/Sprites/Tiles/arrow_wall.png using Guid(14c9a4d18641c7245a8b95bde315ede5) Importer(815301076,1909f56bfc062723c751e8b465ee728b)  -> (artifact id: '10377e3c5c790748334df6f1c2c8cfd0') in 0.016448 seconds 
  Import took 0.020440 seconds .

========================================================================
Received Import Request.
  Time since last request: 0.000197 seconds.
  path: Assets/Sprites/Tiles/lab_floor.png.png
  artifactKey: Guid(13a0c7acc28e8514f876a4d3d026a95e) Importer(815301076,1909f56bfc062723c751e8b465ee728b)
Start importing Assets/Sprites/Tiles/lab_floor.png.png using Guid(13a0c7acc28e8514f876a4d3d026a95e) Importer(815301076,1909f56bfc062723c751e8b465ee728b)  -> (artifact id: '37d6c40eae1b6dcbe57475fb4cd4b1c8') in 0.012755 seconds 
  Import took 0.015937 seconds .

========================================================================
Received Import Request.
  Time since last request: 0.000183 seconds.
  path: Assets/Sprites/Tiles/window_normal.png
  artifactKey: Guid(57cf07d17bfc39a4c96d8927a10b2afa) Importer(815301076,1909f56bfc062723c751e8b465ee728b)
Start importing Assets/Sprites/Tiles/window_normal.png using Guid(57cf07d17bfc39a4c96d8927a10b2afa) Importer(815301076,1909f56bfc062723c751e8b465ee728b)  -> (artifact id: 'ef11453c855fac2821ce6bec19558445') in 0.016551 seconds 
  Import took 0.019683 seconds .

========================================================================
Received Import Request.
  Time since last request: 0.000179 seconds.
  path: Assets/Sprites/Tiles/window_cracked.png
  artifactKey: Guid(d8abccf59afd9214f9e6bd501b85ad63) Importer(815301076,1909f56bfc062723c751e8b465ee728b)
Start importing Assets/Sprites/Tiles/window_cracked.png using Guid(d8abccf59afd9214f9e6bd501b85ad63) Importer(815301076,1909f56bfc062723c751e8b465ee728b)  -> (artifact id: '608edce78f2c474b52985342a79d487d') in 0.015061 seconds 
  Import took 0.018264 seconds .

AssetImportWorkerClient::OnTransportError - code=2 error=End of file
